2021-09-17 19:30:01,547 [   2478]   WARN - ntellij.ide.ui.UIThemeProvider - error loading UITheme '/themes/Light.theme.json', pluginDescriptor=PluginDescriptor(name=IDEA CORE, id=com.intellij, path=/home/shihyu/.mybin/android-studio, version=203.7717.56) 
java.lang.reflect.InaccessibleObjectException: Unable to make private java.lang.module.Configuration() accessible: module java.base does not "opens java.lang.module" to unnamed module @132486e5
	at java.base/java.lang.reflect.AccessibleObject.checkCanSetAccessible(AccessibleObject.java:340)
	at java.base/java.lang.reflect.AccessibleObject.checkCanSetAccessible(AccessibleObject.java:280)
	at java.base/java.lang.reflect.Constructor.checkCanSetAccessible(Constructor.java:189)
	at java.base/java.lang.reflect.Constructor.setAccessible(Constructor.java:182)
	at com.google.gson.internal.ConstructorConstructor.newDefaultConstructor(ConstructorConstructor.java:101)
	at com.google.gson.internal.ConstructorConstructor.get(ConstructorConstructor.java:83)
	at com.google.gson.internal.bind.ReflectiveTypeAdapterFactory.create(ReflectiveTypeAdapterFactory.java:99)
	at com.google.gson.Gson.getAdapter(Gson.java:423)
	at com.google.gson.internal.bind.ReflectiveTypeAdapterFactory.createBoundField(ReflectiveTypeAdapterFactory.java:115)
	at com.google.gson.internal.bind.ReflectiveTypeAdapterFactory.getBoundFields(ReflectiveTypeAdapterFactory.java:164)
	at com.google.gson.internal.bind.ReflectiveTypeAdapterFactory.create(ReflectiveTypeAdapterFactory.java:100)
	at com.google.gson.Gson.getAdapter(Gson.java:423)
	at com.google.gson.internal.bind.ReflectiveTypeAdapterFactory.createBoundField(ReflectiveTypeAdapterFactory.java:115)
	at com.google.gson.internal.bind.ReflectiveTypeAdapterFactory.getBoundFields(ReflectiveTypeAdapterFactory.java:164)
	at com.google.gson.internal.bind.ReflectiveTypeAdapterFactory.create(ReflectiveTypeAdapterFactory.java:100)
	at com.google.gson.Gson.getAdapter(Gson.java:423)
	at com.google.gson.internal.bind.ReflectiveTypeAdapterFactory.createBoundField(ReflectiveTypeAdapterFactory.java:115)
	at com.google.gson.internal.bind.ReflectiveTypeAdapterFactory.getBoundFields(ReflectiveTypeAdapterFactory.java:164)
	at com.google.gson.internal.bind.ReflectiveTypeAdapterFactory.create(ReflectiveTypeAdapterFactory.java:100)
	at com.google.gson.Gson.getAdapter(Gson.java:423)
	at com.google.gson.internal.bind.ReflectiveTypeAdapterFactory.createBoundField(ReflectiveTypeAdapterFactory.java:115)
	at com.google.gson.internal.bind.ReflectiveTypeAdapterFactory.getBoundFields(ReflectiveTypeAdapterFactory.java:164)
	at com.google.gson.internal.bind.ReflectiveTypeAdapterFactory.create(ReflectiveTypeAdapterFactory.java:100)
	at com.google.gson.Gson.getAdapter(Gson.java:423)
	at com.google.gson.Gson.fromJson(Gson.java:886)
	at com.google.gson.Gson.fromJson(Gson.java:825)
	at com.intellij.ide.ui.UITheme.loadFromJson(UITheme.java:121)
	at com.intellij.ide.ui.UITheme.loadFromJson(UITheme.java:113)
	at com.intellij.ide.ui.UIThemeProvider.createTheme(UIThemeProvider.java:39)
	at com.intellij.ide.ui.laf.LafManagerImpl.getDefaultLightTheme(LafManagerImpl.java:151)
	at com.intellij.ide.ui.laf.LafManagerImpl.<init>(LafManagerImpl.java:106)
	at java.base/jdk.internal.reflect.NativeConstructorAccessorImpl.newInstance0(Native Method)
	at java.base/jdk.internal.reflect.NativeConstructorAccessorImpl.newInstance(NativeConstructorAccessorImpl.java:62)
	at java.base/jdk.internal.reflect.DelegatingConstructorAccessorImpl.newInstance(DelegatingConstructorAccessorImpl.java:45)
	at java.base/java.lang.reflect.Constructor.newInstance(Constructor.java:490)
	at com.intellij.serviceContainer.ConstructorInjectionKt.instantiateUsingPicoContainer(constructorInjection.kt:47)
	at com.intellij.serviceContainer.ComponentManagerImpl.instantiateClassWithConstructorInjection(ComponentManagerImpl.kt:733)
	at com.intellij.serviceContainer.MyComponentAdapter.doCreateInstance(MyComponentAdapter.kt:35)
	at com.intellij.serviceContainer.BaseComponentAdapter.getInstanceUncached(BaseComponentAdapter.kt:113)
	at com.intellij.serviceContainer.BaseComponentAdapter.getInstance(BaseComponentAdapter.kt:67)
	at com.intellij.serviceContainer.BaseComponentAdapter.getInstance$default(BaseComponentAdapter.kt:60)
	at com.intellij.serviceContainer.ComponentManagerImpl.createComponents(ComponentManagerImpl.kt:304)
	at com.intellij.openapi.application.impl.ApplicationImpl.lambda$loadComponents$5(ApplicationImpl.java:353)
	at com.intellij.openapi.progress.impl.CoreProgressManager.lambda$runProcess$2(CoreProgressManager.java:178)
	at com.intellij.openapi.progress.impl.CoreProgressManager.registerIndicatorAndRun(CoreProgressManager.java:658)
	at com.intellij.openapi.progress.impl.CoreProgressManager.executeProcessUnderProgress(CoreProgressManager.java:610)
	at com.intellij.openapi.progress.impl.ProgressManagerImpl.executeProcessUnderProgress(ProgressManagerImpl.java:65)
	at com.intellij.openapi.progress.impl.CoreProgressManager.runProcess(CoreProgressManager.java:165)
	at com.intellij.openapi.application.impl.ApplicationImpl.loadComponents(ApplicationImpl.java:353)
	at com.intellij.idea.ApplicationLoader$startApp$6$loadComponentInEdtFuture$1.run(ApplicationLoader.kt:200)
	at java.base/java.util.concurrent.CompletableFuture$AsyncRun.run(CompletableFuture.java:1736)
	at com.intellij.openapi.application.TransactionGuardImpl.runWithWritingAllowed(TransactionGuardImpl.java:216)
	at com.intellij.openapi.application.TransactionGuardImpl.access$200(TransactionGuardImpl.java:24)
	at com.intellij.openapi.application.TransactionGuardImpl$2.run(TransactionGuardImpl.java:199)
	at com.intellij.openapi.application.impl.ApplicationImpl.runIntendedWriteActionOnCurrentThread(ApplicationImpl.java:828)
	at com.intellij.openapi.application.impl.ApplicationImpl.lambda$invokeLater$4(ApplicationImpl.java:330)
	at com.intellij.openapi.application.impl.FlushQueue.doRun(FlushQueue.java:85)
	at com.intellij.openapi.application.impl.FlushQueue.runNextEvent(FlushQueue.java:134)
	at com.intellij.openapi.application.impl.FlushQueue.flushNow(FlushQueue.java:47)
	at com.intellij.openapi.application.impl.FlushQueue$FlushNow.run(FlushQueue.java:190)
	at java.desktop/java.awt.event.InvocationEvent.dispatch(InvocationEvent.java:313)
	at java.desktop/java.awt.EventQueue.dispatchEventImpl(EventQueue.java:776)
	at java.desktop/java.awt.EventQueue$4.run(EventQueue.java:727)
	at java.desktop/java.awt.EventQueue$4.run(EventQueue.java:721)
	at java.base/java.security.AccessController.doPrivileged(Native Method)
	at java.base/java.security.ProtectionDomain$JavaSecurityAccessImpl.doIntersectionPrivilege(ProtectionDomain.java:85)
	at java.desktop/java.awt.EventQueue.dispatchEvent(EventQueue.java:746)
	at com.intellij.ide.IdeEventQueue.dispatchEvent(IdeEventQueue.java:421)
	at java.desktop/java.awt.EventDispatchThread.pumpOneEventForFilters(EventDispatchThread.java:203)
	at java.desktop/java.awt.EventDispatchThread.pumpEventsForFilter(EventDispatchThread.java:124)
	at java.desktop/java.awt.EventDispatchThread.pumpEventsForHierarchy(EventDispatchThread.java:113)
	at java.desktop/java.awt.EventDispatchThread.pumpEvents(EventDispatchThread.java:109)
	at java.desktop/java.awt.EventDispatchThread.pumpEvents(EventDispatchThread.java:101)
	at java.desktop/java.awt.EventDispatchThread.run(EventDispatchThread.java:90)
2021-09-17 19:30:01,558 [   2489]  ERROR - com.intellij.ide.ui.LafManager - Can't load JetBrainsLightTheme 
java.lang.Throwable: Can't load JetBrainsLightTheme
	at com.intellij.openapi.diagnostic.Logger.error(Logger.java:165)
	at com.intellij.ide.ui.laf.LafManagerImpl.getDefaultLightTheme(LafManagerImpl.java:157)
	at com.intellij.ide.ui.laf.LafManagerImpl.<init>(LafManagerImpl.java:106)
	at java.base/jdk.internal.reflect.NativeConstructorAccessorImpl.newInstance0(Native Method)
	at java.base/jdk.internal.reflect.NativeConstructorAccessorImpl.newInstance(NativeConstructorAccessorImpl.java:62)
	at java.base/jdk.internal.reflect.DelegatingConstructorAccessorImpl.newInstance(DelegatingConstructorAccessorImpl.java:45)
	at java.base/java.lang.reflect.Constructor.newInstance(Constructor.java:490)
	at com.intellij.serviceContainer.ConstructorInjectionKt.instantiateUsingPicoContainer(constructorInjection.kt:47)
	at com.intellij.serviceContainer.ComponentManagerImpl.instantiateClassWithConstructorInjection(ComponentManagerImpl.kt:733)
	at com.intellij.serviceContainer.MyComponentAdapter.doCreateInstance(MyComponentAdapter.kt:35)
	at com.intellij.serviceContainer.BaseComponentAdapter.getInstanceUncached(BaseComponentAdapter.kt:113)
	at com.intellij.serviceContainer.BaseComponentAdapter.getInstance(BaseComponentAdapter.kt:67)
	at com.intellij.serviceContainer.BaseComponentAdapter.getInstance$default(BaseComponentAdapter.kt:60)
	at com.intellij.serviceContainer.ComponentManagerImpl.createComponents(ComponentManagerImpl.kt:304)
	at com.intellij.openapi.application.impl.ApplicationImpl.lambda$loadComponents$5(ApplicationImpl.java:353)
	at com.intellij.openapi.progress.impl.CoreProgressManager.lambda$runProcess$2(CoreProgressManager.java:178)
	at com.intellij.openapi.progress.impl.CoreProgressManager.registerIndicatorAndRun(CoreProgressManager.java:658)
	at com.intellij.openapi.progress.impl.CoreProgressManager.executeProcessUnderProgress(CoreProgressManager.java:610)
	at com.intellij.openapi.progress.impl.ProgressManagerImpl.executeProcessUnderProgress(ProgressManagerImpl.java:65)
	at com.intellij.openapi.progress.impl.CoreProgressManager.runProcess(CoreProgressManager.java:165)
	at com.intellij.openapi.application.impl.ApplicationImpl.loadComponents(ApplicationImpl.java:353)
	at com.intellij.idea.ApplicationLoader$startApp$6$loadComponentInEdtFuture$1.run(ApplicationLoader.kt:200)
	at java.base/java.util.concurrent.CompletableFuture$AsyncRun.run(CompletableFuture.java:1736)
	at com.intellij.openapi.application.TransactionGuardImpl.runWithWritingAllowed(TransactionGuardImpl.java:216)
	at com.intellij.openapi.application.TransactionGuardImpl.access$200(TransactionGuardImpl.java:24)
	at com.intellij.openapi.application.TransactionGuardImpl$2.run(TransactionGuardImpl.java:199)
	at com.intellij.openapi.application.impl.ApplicationImpl.runIntendedWriteActionOnCurrentThread(ApplicationImpl.java:828)
	at com.intellij.openapi.application.impl.ApplicationImpl.lambda$invokeLater$4(ApplicationImpl.java:330)
	at com.intellij.openapi.application.impl.FlushQueue.doRun(FlushQueue.java:85)
	at com.intellij.openapi.application.impl.FlushQueue.runNextEvent(FlushQueue.java:134)
	at com.intellij.openapi.application.impl.FlushQueue.flushNow(FlushQueue.java:47)
	at com.intellij.openapi.application.impl.FlushQueue$FlushNow.run(FlushQueue.java:190)
	at java.desktop/java.awt.event.InvocationEvent.dispatch(InvocationEvent.java:313)
	at java.desktop/java.awt.EventQueue.dispatchEventImpl(EventQueue.java:776)
	at java.desktop/java.awt.EventQueue$4.run(EventQueue.java:727)
	at java.desktop/java.awt.EventQueue$4.run(EventQueue.java:721)
	at java.base/java.security.AccessController.doPrivileged(Native Method)
	at java.base/java.security.ProtectionDomain$JavaSecurityAccessImpl.doIntersectionPrivilege(ProtectionDomain.java:85)
	at java.desktop/java.awt.EventQueue.dispatchEvent(EventQueue.java:746)
	at com.intellij.ide.IdeEventQueue.dispatchEvent(IdeEventQueue.java:421)
	at java.desktop/java.awt.EventDispatchThread.pumpOneEventForFilters(EventDispatchThread.java:203)
	at java.desktop/java.awt.EventDispatchThread.pumpEventsForFilter(EventDispatchThread.java:124)
	at java.desktop/java.awt.EventDispatchThread.pumpEventsForHierarchy(EventDispatchThread.java:113)
	at java.desktop/java.awt.EventDispatchThread.pumpEvents(EventDispatchThread.java:109)
	at java.desktop/java.awt.EventDispatchThread.pumpEvents(EventDispatchThread.java:101)
	at java.desktop/java.awt.EventDispatchThread.run(EventDispatchThread.java:90)
2021-09-17 19:30:01,560 [   2491]  ERROR - com.intellij.ide.ui.LafManager - Android Studio Arctic Fox | 2020.3.1  Build #AI-203.7717.56.2031.7583922 
2021-09-17 19:30:01,564 [   2495]  ERROR - com.intellij.ide.ui.LafManager - JDK: 11.0.10; VM: OpenJDK 64-Bit Server VM; Vendor: JetBrains s.r.o. 
2021-09-17 19:30:01,564 [   2495]  ERROR - com.intellij.ide.ui.LafManager - OS: Linux 
2021-09-17 19:30:01,884 [   2815]   WARN - Container.ComponentManagerImpl - Do not use constructor injection (requestorClass=com.android.tools.idea.AndroidInitialConfigurator) 
2021-09-17 19:30:01,887 [   2818]   WARN - ntellij.ide.ui.UIThemeProvider - error loading UITheme '/themes/HighContrast.theme.json', pluginDescriptor=PluginDescriptor(name=IDEA CORE, id=com.intellij, path=/home/shihyu/.mybin/android-studio, version=203.7717.56) 
java.lang.reflect.InaccessibleObjectException: Unable to make private java.lang.module.Configuration() accessible: module java.base does not "opens java.lang.module" to unnamed module @132486e5
	at java.base/java.lang.reflect.AccessibleObject.checkCanSetAccessible(AccessibleObject.java:340)
	at java.base/java.lang.reflect.AccessibleObject.checkCanSetAccessible(AccessibleObject.java:280)
	at java.base/java.lang.reflect.Constructor.checkCanSetAccessible(Constructor.java:189)
	at java.base/java.lang.reflect.Constructor.setAccessible(Constructor.java:182)
	at com.google.gson.internal.ConstructorConstructor.newDefaultConstructor(ConstructorConstructor.java:101)
	at com.google.gson.internal.ConstructorConstructor.get(ConstructorConstructor.java:83)
	at com.google.gson.internal.bind.ReflectiveTypeAdapterFactory.create(ReflectiveTypeAdapterFactory.java:99)
	at com.google.gson.Gson.getAdapter(Gson.java:423)
	at com.google.gson.internal.bind.ReflectiveTypeAdapterFactory.createBoundField(ReflectiveTypeAdapterFactory.java:115)
	at com.google.gson.internal.bind.ReflectiveTypeAdapterFactory.getBoundFields(ReflectiveTypeAdapterFactory.java:164)
	at com.google.gson.internal.bind.ReflectiveTypeAdapterFactory.create(ReflectiveTypeAdapterFactory.java:100)
	at com.google.gson.Gson.getAdapter(Gson.java:423)
	at com.google.gson.internal.bind.ReflectiveTypeAdapterFactory.createBoundField(ReflectiveTypeAdapterFactory.java:115)
	at com.google.gson.internal.bind.ReflectiveTypeAdapterFactory.getBoundFields(ReflectiveTypeAdapterFactory.java:164)
	at com.google.gson.internal.bind.ReflectiveTypeAdapterFactory.create(ReflectiveTypeAdapterFactory.java:100)
	at com.google.gson.Gson.getAdapter(Gson.java:423)
	at com.google.gson.internal.bind.ReflectiveTypeAdapterFactory.createBoundField(ReflectiveTypeAdapterFactory.java:115)
	at com.google.gson.internal.bind.ReflectiveTypeAdapterFactory.getBoundFields(ReflectiveTypeAdapterFactory.java:164)
	at com.google.gson.internal.bind.ReflectiveTypeAdapterFactory.create(ReflectiveTypeAdapterFactory.java:100)
	at com.google.gson.Gson.getAdapter(Gson.java:423)
	at com.google.gson.internal.bind.ReflectiveTypeAdapterFactory.createBoundField(ReflectiveTypeAdapterFactory.java:115)
	at com.google.gson.internal.bind.ReflectiveTypeAdapterFactory.getBoundFields(ReflectiveTypeAdapterFactory.java:164)
	at com.google.gson.internal.bind.ReflectiveTypeAdapterFactory.create(ReflectiveTypeAdapterFactory.java:100)
	at com.google.gson.Gson.getAdapter(Gson.java:423)
	at com.google.gson.Gson.fromJson(Gson.java:886)
	at com.google.gson.Gson.fromJson(Gson.java:825)
	at com.intellij.ide.ui.UITheme.loadFromJson(UITheme.java:121)
	at com.intellij.ide.ui.UITheme.loadFromJson(UITheme.java:113)
	at com.intellij.ide.ui.UIThemeProvider.createTheme(UIThemeProvider.java:39)
	at com.intellij.ide.ui.laf.LafManagerImpl.lambda$computeLafList$4(LafManagerImpl.java:187)
	at com.intellij.openapi.extensions.impl.ExtensionProcessingHelper.forEachExtensionSafe(ExtensionProcessingHelper.java:33)
	at com.intellij.openapi.extensions.ExtensionPointName.forEachExtensionSafe(ExtensionPointName.java:49)
	at com.intellij.ide.ui.laf.LafManagerImpl.computeLafList(LafManagerImpl.java:185)
	at com.intellij.ide.ui.laf.LafManagerImpl.lambda$new$0(LafManagerImpl.java:101)
	at com.intellij.util.concurrency.SynchronizedClearableLazy.getValue(SynchronizedClearableLazy.kt:37)
	at com.intellij.ide.ui.laf.LafManagerImpl.getInstalledLookAndFeels(LafManagerImpl.java:391)
	at com.intellij.openapi.editor.colors.impl.EditorColorsManagerImpl.loadSchemesFromThemes(EditorColorsManagerImpl.java:261)
	at com.intellij.openapi.editor.colors.impl.EditorColorsManagerImpl.<init>(EditorColorsManagerImpl.java:173)
	at com.intellij.openapi.editor.colors.impl.EditorColorsManagerImpl.<init>(EditorColorsManagerImpl.java:81)
	at java.base/jdk.internal.reflect.NativeConstructorAccessorImpl.newInstance0(Native Method)
	at java.base/jdk.internal.reflect.NativeConstructorAccessorImpl.newInstance(NativeConstructorAccessorImpl.java:62)
	at java.base/jdk.internal.reflect.DelegatingConstructorAccessorImpl.newInstance(DelegatingConstructorAccessorImpl.java:45)
	at java.base/java.lang.reflect.Constructor.newInstance(Constructor.java:490)
	at com.intellij.serviceContainer.ConstructorInjectionKt.instantiateUsingPicoContainer(constructorInjection.kt:47)
	at com.intellij.serviceContainer.ComponentManagerImpl.instantiateClassWithConstructorInjection(ComponentManagerImpl.kt:733)
	at com.intellij.serviceContainer.ServiceComponentAdapter.createAndInitialize(ServiceComponentAdapter.kt:49)
	at com.intellij.serviceContainer.ServiceComponentAdapter.doCreateInstance(ServiceComponentAdapter.kt:37)
	at com.intellij.serviceContainer.BaseComponentAdapter.getInstanceUncached(BaseComponentAdapter.kt:113)
	at com.intellij.serviceContainer.BaseComponentAdapter.getInstance(BaseComponentAdapter.kt:67)
	at com.intellij.serviceContainer.BaseComponentAdapter.getInstance$default(BaseComponentAdapter.kt:60)
	at com.intellij.serviceContainer.ComponentManagerImpl$preloadServices$future$1.run(ComponentManagerImpl.kt:890)
	at java.base/java.util.concurrent.CompletableFuture$AsyncRun.run(CompletableFuture.java:1736)
	at com.intellij.util.concurrency.BoundedTaskExecutor.doRun(BoundedTaskExecutor.java:216)
	at com.intellij.util.concurrency.BoundedTaskExecutor.access$200(BoundedTaskExecutor.java:27)
	at com.intellij.util.concurrency.BoundedTaskExecutor$1.execute(BoundedTaskExecutor.java:195)
	at com.intellij.util.concurrency.BoundedTaskExecutor$1.run(BoundedTaskExecutor.java:187)
	at java.base/java.util.concurrent.ThreadPoolExecutor.runWorker(ThreadPoolExecutor.java:1128)
	at java.base/java.util.concurrent.ThreadPoolExecutor$Worker.run(ThreadPoolExecutor.java:628)
	at java.base/java.util.concurrent.Executors$PrivilegedThreadFactory$1$1.run(Executors.java:668)
	at java.base/java.util.concurrent.Executors$PrivilegedThreadFactory$1$1.run(Executors.java:665)
	at java.base/java.security.AccessController.doPrivileged(Native Method)
	at java.base/java.util.concurrent.Executors$PrivilegedThreadFactory$1.run(Executors.java:665)
	at java.base/java.lang.Thread.run(Thread.java:834)
2021-09-17 19:30:05,024 [   5955]   WARN - tartup.impl.StartupManagerImpl - Activities registered via registerPostStartupActivity must be dumb-aware: com.android.tools.idea.stats.AndroidStudioUsageTracker$ProjectLifecycleTracker$projectComponentsInitialized$1@178d886 
2021-09-17 19:30:08,513 [   9444]   WARN -        #com.intellij.idea.Main - can't parse gsettings line: @a(ss) [] 
2021-09-17 19:30:09,054 [   9985]   WARN -            #com.android.ddmlib - adb server version (39) doesn't match this client (41); killing... 
2021-09-17 19:30:09,184 [  10115]   WARN -            #com.android.ddmlib - * daemon started successfully 
2021-09-17 19:30:11,435 [  12366]   WARN - Container.ComponentManagerImpl - Do not use constructor injection (requestorClass=com.android.tools.idea.apk.ApkWritingAccessProvider) 
2021-09-17 19:31:16,101 [  77032]   WARN - actions.CopyTBXReferenceAction - Cannot find TBX tool for IDE: AndroidStudio 
2021-09-17 19:31:32,393 [  93324]   WARN - tartup.impl.StartupManagerImpl - Activities registered via registerPostStartupActivity must be dumb-aware: com.android.tools.idea.stats.AndroidStudioUsageTracker$ProjectLifecycleTracker$projectComponentsInitialized$1@315ae365 
2021-09-17 19:31:33,378 [  94309]   WARN - Container.ComponentManagerImpl - Do not use constructor injection (requestorClass=com.android.tools.idea.apk.ApkWritingAccessProvider) 
Downloading https://services.gradle.org/distributions/gradle-4.10.1-all.zip
...............................................................................................................
2021-09-17 19:32:50,066 [ 170997]   WARN -            #com.android.ddmlib - * daemon not running; starting now at tcp:5037 
2021-09-17 19:32:50,267 [ 171198]   WARN -            #com.android.ddmlib - * daemon started successfully 
2021-09-17 19:35:03,571 [ 304502]   WARN - dea.sdk.SystemInfoStatsMonitor - CpuInfoFlags.fromExitCode(): unknown flag values '0x80' 
2021-09-17 19:35:16,767 [ 317698]   WARN - ues.SyncIssueUsageReporterImpl - Multiple sync failures reported. Discarding: SDK_BUILD_TOOLS_TOO_LOW 
2021-09-17 19:37:06,286 [ 427217]   WARN - ues.SyncIssueUsageReporterImpl - Multiple sync failures reported. Discarding: SDK_BUILD_TOOLS_TOO_LOW 
2021-09-17 19:37:06,286 [ 427217]   WARN - ues.SyncIssueUsageReporterImpl - Multiple sync failures reported. Discarding: SDK_BUILD_TOOLS_TOO_LOW 
2021-09-17 19:37:49,830 [ 470761]  ERROR - tellij.util.IdempotenceChecker - Non-idempotent computation: it returns different results when invoked multiple times or on different threads:
  compileSdkVersion (class org.jetbrains.plugins.groovy.lang.psi.impl.synthetic.GrLightMethodBuilder) != compileSdkVersion (class org.jetbrains.plugins.groovy.lang.psi.impl.synthetic.GrLightMethodBuilder)
  which is element of org.jetbrains.plugins.groovy.lang.resolve.BaseMethodResolveResult@58b93e61 and org.jetbrains.plugins.groovy.lang.resolve.BaseMethodResolveResult@4f787517
  which is 0th element of [org.jetbrains.plugins.groovy.lang.resolve.BaseMethodResolveResult@58b93e61] and [org.jetbrains.plugins.groovy.lang.resolve.BaseMethodResolveResult@4f787517]

Recomputation gives [org.jetbrains.plugins.groovy.lang.resolve.BaseMethodResolveResult@2446a6d2] (class com.intellij.util.SmartList) which is different from both values
Recomputation log:
  Resolving org.jetbrains.plugins.groovy.lang.resolve.references.GrExplicitMethodCallReference(Call expression:null) of class org.jetbrains.plugins.groovy.lang.resolve.references.GrExplicitMethodCallReference 
java.lang.Throwable: Non-idempotent computation: it returns different results when invoked multiple times or on different threads:
  compileSdkVersion (class org.jetbrains.plugins.groovy.lang.psi.impl.synthetic.GrLightMethodBuilder) != compileSdkVersion (class org.jetbrains.plugins.groovy.lang.psi.impl.synthetic.GrLightMethodBuilder)
  which is element of org.jetbrains.plugins.groovy.lang.resolve.BaseMethodResolveResult@58b93e61 and org.jetbrains.plugins.groovy.lang.resolve.BaseMethodResolveResult@4f787517
  which is 0th element of [org.jetbrains.plugins.groovy.lang.resolve.BaseMethodResolveResult@58b93e61] and [org.jetbrains.plugins.groovy.lang.resolve.BaseMethodResolveResult@4f787517]

Recomputation gives [org.jetbrains.plugins.groovy.lang.resolve.BaseMethodResolveResult@2446a6d2] (class com.intellij.util.SmartList) which is different from both values
Recomputation log:
  Resolving org.jetbrains.plugins.groovy.lang.resolve.references.GrExplicitMethodCallReference(Call expression:null) of class org.jetbrains.plugins.groovy.lang.resolve.references.GrExplicitMethodCallReference
	at com.intellij.openapi.diagnostic.Logger.error(Logger.java:165)
	at com.intellij.util.IdempotenceChecker.reportFailure(IdempotenceChecker.java:88)
	at com.intellij.util.IdempotenceChecker.checkEquivalence(IdempotenceChecker.java:75)
	at com.intellij.psi.impl.source.resolve.ResolveCache.cache(ResolveCache.java:282)
	at com.intellij.psi.impl.source.resolve.ResolveCache.resolve(ResolveCache.java:210)
	at com.intellij.psi.impl.source.resolve.ResolveCache.resolve(ResolveCache.java:149)
	at com.intellij.psi.impl.source.resolve.ResolveCache.resolveWithCaching(ResolveCache.java:250)
	at org.jetbrains.plugins.groovy.lang.psi.impl.TopInferenceContext.resolveWithCaching(TopInferenceContext.kt:30)
	at org.jetbrains.plugins.groovy.lang.psi.impl.InferenceContext.resolve(InferenceContext.java:48)
	at org.jetbrains.plugins.groovy.lang.resolve.api.GroovyCachingReference.resolve(GroovyCachingReference.kt:16)
	at org.jetbrains.plugins.groovy.lang.psi.impl.statements.expressions.GrReferenceExpressionImpl.resolve(GrReferenceExpressionImpl.java:567)
	at org.jetbrains.plugins.groovy.lang.psi.api.GroovyReference.advancedResolve(GroovyReference.java:29)
	at org.jetbrains.plugins.groovy.lang.psi.api.GroovyReference.resolve(GroovyReference.java:24)
	at org.jetbrains.plugins.groovy.codeInspection.control.finalVar.GrFinalVariableAccessInspection$1.visitReferenceExpression(GrFinalVariableAccessInspection.java:94)
	at org.jetbrains.plugins.groovy.lang.psi.impl.statements.expressions.GrReferenceExpressionImpl.accept(GrReferenceExpressionImpl.java:85)
	at org.jetbrains.plugins.groovy.lang.psi.GroovyPsiElementVisitor.visitElement(GroovyPsiElementVisitor.java:18)
	at com.intellij.psi.impl.PsiElementBase.accept(PsiElementBase.java:273)
	at com.intellij.codeInspection.InspectionEngine.acceptElements(InspectionEngine.java:66)
	at com.intellij.codeInspection.InspectionEngine.createVisitorAndAcceptElements(InspectionEngine.java:57)
	at com.intellij.codeInsight.daemon.impl.LocalInspectionsPass.runToolOnElements(LocalInspectionsPass.java:311)
	at com.intellij.codeInsight.daemon.impl.LocalInspectionsPass.lambda$visitPriorityElementsAndInit$4(LocalInspectionsPass.java:270)
	at com.intellij.util.AstLoadingFilter.forceAllowTreeLoading(AstLoadingFilter.java:156)
	at com.intellij.util.AstLoadingFilter.forceAllowTreeLoading(AstLoadingFilter.java:148)
	at com.intellij.codeInsight.daemon.impl.LocalInspectionsPass.lambda$visitPriorityElementsAndInit$5(LocalInspectionsPass.java:268)
	at com.intellij.util.AstLoadingFilter.disallowTreeLoading(AstLoadingFilter.java:127)
	at com.intellij.util.AstLoadingFilter.disallowTreeLoading(AstLoadingFilter.java:116)
	at com.intellij.codeInsight.daemon.impl.LocalInspectionsPass.lambda$visitPriorityElementsAndInit$6(LocalInspectionsPass.java:268)
	at com.intellij.concurrency.ApplierCompleter.execAndForkSubTasks(ApplierCompleter.java:136)
	at com.intellij.concurrency.ApplierCompleter.execAndForkSubTasks(ApplierCompleter.java:149)
	at com.intellij.openapi.application.impl.ApplicationImpl.tryRunReadAction(ApplicationImpl.java:1141)
	at com.intellij.concurrency.ApplierCompleter.lambda$wrapInReadActionAndIndicator$1(ApplierCompleter.java:92)
	at com.intellij.openapi.progress.impl.CoreProgressManager.registerIndicatorAndRun(CoreProgressManager.java:658)
	at com.intellij.openapi.progress.impl.CoreProgressManager.executeProcessUnderProgress(CoreProgressManager.java:610)
	at com.intellij.openapi.progress.impl.ProgressManagerImpl.executeProcessUnderProgress(ProgressManagerImpl.java:65)
	at com.intellij.concurrency.ApplierCompleter.wrapInReadActionAndIndicator(ApplierCompleter.java:104)
	at com.intellij.concurrency.ApplierCompleter.lambda$compute$0(ApplierCompleter.java:83)
	at com.intellij.openapi.application.impl.ReadMostlyRWLock.executeByImpatientReader(ReadMostlyRWLock.java:172)
	at com.intellij.openapi.application.impl.ApplicationImpl.executeByImpatientReader(ApplicationImpl.java:189)
	at com.intellij.concurrency.ApplierCompleter.compute(ApplierCompleter.java:83)
	at com.intellij.concurrency.JobLauncherImpl.invokeConcurrentlyUnderProgress(JobLauncherImpl.java:61)
	at com.intellij.concurrency.JobLauncher.invokeConcurrentlyUnderProgress(JobLauncher.java:48)
	at com.intellij.codeInsight.daemon.impl.LocalInspectionsPass.visitPriorityElementsAndInit(LocalInspectionsPass.java:283)
	at com.intellij.codeInsight.daemon.impl.LocalInspectionsPass.inspect(LocalInspectionsPass.java:195)
	at com.intellij.codeInsight.daemon.impl.LocalInspectionsPass.collectInformationWithProgress(LocalInspectionsPass.java:117)
	at com.intellij.codeInsight.daemon.impl.ProgressableTextEditorHighlightingPass.doCollectInformation(ProgressableTextEditorHighlightingPass.java:84)
	at com.intellij.codeHighlighting.TextEditorHighlightingPass.collectInformation(TextEditorHighlightingPass.java:56)
	at com.intellij.codeInsight.daemon.impl.PassExecutorService$ScheduledPass.lambda$doRun$1(PassExecutorService.java:400)
	at com.intellij.openapi.application.impl.ApplicationImpl.tryRunReadAction(ApplicationImpl.java:1146)
	at com.intellij.codeInsight.daemon.impl.PassExecutorService$ScheduledPass.lambda$doRun$2(PassExecutorService.java:393)
	at com.intellij.openapi.progress.impl.CoreProgressManager.registerIndicatorAndRun(CoreProgressManager.java:658)
	at com.intellij.openapi.progress.impl.CoreProgressManager.executeProcessUnderProgress(CoreProgressManager.java:610)
	at com.intellij.openapi.progress.impl.ProgressManagerImpl.executeProcessUnderProgress(ProgressManagerImpl.java:65)
	at com.intellij.codeInsight.daemon.impl.PassExecutorService$ScheduledPass.doRun(PassExecutorService.java:392)
	at com.intellij.codeInsight.daemon.impl.PassExecutorService$ScheduledPass.lambda$run$0(PassExecutorService.java:368)
	at com.intellij.openapi.application.impl.ReadMostlyRWLock.executeByImpatientReader(ReadMostlyRWLock.java:172)
	at com.intellij.openapi.application.impl.ApplicationImpl.executeByImpatientReader(ApplicationImpl.java:189)
	at com.intellij.codeInsight.daemon.impl.PassExecutorService$ScheduledPass.run(PassExecutorService.java:366)
	at com.intellij.concurrency.JobLauncherImpl$VoidForkJoinTask$1.exec(JobLauncherImpl.java:188)
	at java.base/java.util.concurrent.ForkJoinTask.doExec(ForkJoinTask.java:290)
	at java.base/java.util.concurrent.ForkJoinPool$WorkQueue.topLevelExec(ForkJoinPool.java:1020)
	at java.base/java.util.concurrent.ForkJoinPool.scan(ForkJoinPool.java:1656)
	at java.base/java.util.concurrent.ForkJoinPool.runWorker(ForkJoinPool.java:1594)
	at java.base/java.util.concurrent.ForkJoinWorkerThread.run(ForkJoinWorkerThread.java:183)
2021-09-17 19:37:49,831 [ 470762]  ERROR - tellij.util.IdempotenceChecker - Android Studio Arctic Fox | 2020.3.1  Build #AI-203.7717.56.2031.7583922 
2021-09-17 19:37:49,831 [ 470762]  ERROR - tellij.util.IdempotenceChecker - JDK: 11.0.10; VM: OpenJDK 64-Bit Server VM; Vendor: JetBrains s.r.o. 
2021-09-17 19:37:49,831 [ 470762]  ERROR - tellij.util.IdempotenceChecker - OS: Linux 
2021-09-17 19:37:49,832 [ 470763]  ERROR - tellij.util.IdempotenceChecker - Last Action: RebuildGradleProject 
2021-09-17 19:38:18,943 [ 499874]   WARN - ues.SyncIssueUsageReporterImpl - Multiple sync failures reported. Discarding: SDK_BUILD_TOOLS_TOO_LOW 
2021-09-17 19:38:18,943 [ 499874]   WARN - ues.SyncIssueUsageReporterImpl - Multiple sync failures reported. Discarding: SDK_BUILD_TOOLS_TOO_LOW 
